# JRE version: Java(TM) SE Runtime Environment (9.0+11) (build 9.0.1+11)
# Java VM: Java HotSpot(TM) 64-Bit Server VM (9.0.1+11, mixed mode, tiered, compressed oops, g1 gc, windows-amd64)
Heap:
 garbage-first heap   total 196608K, used 159570K [0x00000000e0000000, 0x00000000e0100600, 0x0000000100000000)
  region size 1024K, 91 young (93184K), 9 survivors (9216K)
 Metaspace       used 44572K, capacity 45956K, committed 46204K, reserved 1089536K
  class space    used 5933K, capacity 6220K, committed 6272K, reserved 1048576K
GC Heap History (10 events):
Event: 56.532 GC heap before
{Heap before GC invocations=33 (full 0):
 garbage-first heap   total 196608K, used 161655K [0x00000000e0000000, 0x00000000e0100600, 0x0000000100000000)
  region size 1024K, 94 young (96256K), 4 survivors (4096K)
 Metaspace       used 44376K, capacity 45700K, committed 45948K, reserved 1089536K
  class space    used 5920K, capacity 6220K, committed 6272K, reserved 1048576K
}
Event: 56.538 GC heap after
{Heap after GC invocations=34 (full 0):
 garbage-first heap   total 196608K, used 66663K [0x00000000e0000000, 0x00000000e0100600, 0x0000000100000000)
  region size 1024K, 5 young (5120K), 5 survivors (5120K)
 Metaspace       used 44376K, capacity 45700K, committed 45948K, reserved 1089536K
  class space    used 5920K, capacity 6220K, committed 6272K, reserved 1048576K
}
Event: 65.455 GC heap before
{Heap before GC invocations=34 (full 0):
 garbage-first heap   total 196608K, used 160871K [0x00000000e0000000, 0x00000000e0100600, 0x0000000100000000)
  region size 1024K, 97 young (99328K), 5 survivors (5120K)
 Metaspace       used 44388K, capacity 45764K, committed 46204K, reserved 1089536K
  class space    used 5920K, capacity 6220K, committed 6272K, reserved 1048576K
}
Event: 65.460 GC heap after
{Heap after GC invocations=35 (full 0):
 garbage-first heap   total 196608K, used 66734K [0x00000000e0000000, 0x00000000e0100600, 0x0000000100000000)
  region size 1024K, 5 young (5120K), 5 survivors (5120K)
 Metaspace       used 44388K, capacity 45764K, committed 46204K, reserved 1089536K
  class space    used 5920K, capacity 6220K, committed 6272K, reserved 1048576K
}
Event: 74.440 GC heap before
{Heap before GC invocations=35 (full 0):
 garbage-first heap   total 196608K, used 161966K [0x00000000e0000000, 0x00000000e0100600, 0x0000000100000000)
  region size 1024K, 98 young (100352K), 5 survivors (5120K)
 Metaspace       used 44447K, capacity 45828K, committed 46204K, reserved 1089536K
  class space    used 5925K, capacity 6220K, committed 6272K, reserved 1048576K
}
Event: 74.448 GC heap after
{Heap after GC invocations=36 (full 0):
 garbage-first heap   total 196608K, used 69748K [0x00000000e0000000, 0x00000000e0100600, 0x0000000100000000)
  region size 1024K, 6 young (6144K), 6 survivors (6144K)
 Metaspace       used 44447K, capacity 45828K, committed 46204K, reserved 1089536K
  class space    used 5925K, capacity 6220K, committed 6272K, reserved 1048576K
}
Event: 84.751 GC heap before
{Heap before GC invocations=36 (full 0):
 garbage-first heap   total 196608K, used 162932K [0x00000000e0000000, 0x00000000e0100600, 0x0000000100000000)
  region size 1024K, 97 young (99328K), 6 survivors (6144K)
 Metaspace       used 44449K, capacity 45828K, committed 46204K, reserved 1089536K
  class space    used 5925K, capacity 6220K, committed 6272K, reserved 1048576K
}
Event: 84.762 GC heap after
{Heap after GC invocations=37 (full 0):
 garbage-first heap   total 196608K, used 70755K [0x00000000e0000000, 0x00000000e0100600, 0x0000000100000000)
  region size 1024K, 6 young (6144K), 6 survivors (6144K)
 Metaspace       used 44449K, capacity 45828K, committed 46204K, reserved 1089536K
  class space    used 5925K, capacity 6220K, committed 6272K, reserved 1048576K
}
Event: 93.942 GC heap before
{Heap before GC invocations=37 (full 0):
 garbage-first heap   total 196608K, used 164963K [0x00000000e0000000, 0x00000000e0100600, 0x0000000100000000)
  region size 1024K, 98 young (100352K), 6 survivors (6144K)
 Metaspace       used 44501K, capacity 45892K, committed 46204K, reserved 1089536K
  class space    used 5925K, capacity 6220K, committed 6272K, reserved 1048576K
}
Event: 93.960 GC heap after
{Heap after GC invocations=38 (full 0):
 garbage-first heap   total 196608K, used 73554K [0x00000000e0000000, 0x00000000e0100600, 0x0000000100000000)
  region size 1024K, 9 young (9216K), 9 survivors (9216K)
 Metaspace       used 44501K, capacity 45892K, committed 46204K, reserved 1089536K
  class space    used 5925K, capacity 6220K, committed 6272K, reserved 1048576K
}

